0 info it worked if it ends with ok
1 verbose cli [ '/Users/samwalsh/.nvm/versions/node/v4.2.4/bin/node',
1 verbose cli   '/Users/samwalsh/.nvm/versions/node/v4.2.4/bin/npm',
1 verbose cli   'start' ]
2 info using npm@4.1.1
3 info using node@v4.2.4
4 verbose run-script [ 'prestart', 'start', 'poststart' ]
5 info lifecycle ir@1.0.0~prestart: ir@1.0.0
6 silly lifecycle ir@1.0.0~prestart: no script for prestart, continuing
7 info lifecycle ir@1.0.0~start: ir@1.0.0
8 verbose lifecycle ir@1.0.0~start: unsafe-perm in lifecycle true
9 verbose lifecycle ir@1.0.0~start: PATH: /Users/samwalsh/.nvm/versions/node/v4.2.4/lib/node_modules/npm/bin/node-gyp-bin:/Users/samwalsh/Sites/ir/node_modules/.bin:/usr/local/opt/php56/bin:/Users/samwalsh/.nvm/versions/node/v4.2.4/bin:/usr/local/opt/php70/bin:/Users/samwalsh/.npm-packages/bin:/Users/samwalsh/.composer/vendor/bin:/usr/local/opt/coreutils/libexec/gnubin:/usr/local/sbin:/usr/local/bin:/usr/bin:/bin:/usr/sbin:/sbin:/usr/local/Cellar/go/1.7.3/libexec/src:/Users/samwalsh/go:/Users/samwalsh/neo4j/bin:/Users/samwalsh/apache-maven-3.3.9/bin
10 verbose lifecycle ir@1.0.0~start: CWD: /Users/samwalsh/Sites/ir
11 silly lifecycle ir@1.0.0~start: Args: [ '-c', 'babel-node ./index.js' ]
12 silly lifecycle ir@1.0.0~start: Returned: code: 1  signal: null
13 info lifecycle ir@1.0.0~start: Failed to exec start script
14 verbose stack Error: ir@1.0.0 start: `babel-node ./index.js`
14 verbose stack Exit status 1
14 verbose stack     at EventEmitter.<anonymous> (/Users/samwalsh/.nvm/versions/node/v4.2.4/lib/node_modules/npm/lib/utils/lifecycle.js:279:16)
14 verbose stack     at emitTwo (events.js:87:13)
14 verbose stack     at EventEmitter.emit (events.js:172:7)
14 verbose stack     at ChildProcess.<anonymous> (/Users/samwalsh/.nvm/versions/node/v4.2.4/lib/node_modules/npm/lib/utils/spawn.js:40:14)
14 verbose stack     at emitTwo (events.js:87:13)
14 verbose stack     at ChildProcess.emit (events.js:172:7)
14 verbose stack     at maybeClose (internal/child_process.js:818:16)
14 verbose stack     at Process.ChildProcess._handle.onexit (internal/child_process.js:211:5)
15 verbose pkgid ir@1.0.0
16 verbose cwd /Users/samwalsh/Sites/ir
17 error Darwin 16.4.0
18 error argv "/Users/samwalsh/.nvm/versions/node/v4.2.4/bin/node" "/Users/samwalsh/.nvm/versions/node/v4.2.4/bin/npm" "start"
19 error node v4.2.4
20 error npm  v4.1.1
21 error code ELIFECYCLE
22 error ir@1.0.0 start: `babel-node ./index.js`
22 error Exit status 1
23 error Failed at the ir@1.0.0 start script 'babel-node ./index.js'.
23 error Make sure you have the latest version of node.js and npm installed.
23 error If you do, this is most likely a problem with the ir package,
23 error not with npm itself.
23 error Tell the author that this fails on your system:
23 error     babel-node ./index.js
23 error You can get information on how to open an issue for this project with:
23 error     npm bugs ir
23 error Or if that isn't available, you can get their info via:
23 error     npm owner ls ir
23 error There is likely additional logging output above.
24 verbose exit [ 1, true ]
